0 info it worked if it ends with ok
1 verbose cli [ '/usr/local/bin/node',
1 verbose cli   '/Users/fduroni/Work/chicio.github.io/node_modules/.bin/npm',
1 verbose cli   'run',
1 verbose cli   'flow' ]
2 info using npm@3.10.10
3 info using node@v8.6.0
4 warn invalid config loglevel="notice"
5 verbose run-script [ 'preflow', 'flow', 'postflow' ]
6 info lifecycle fabrizio-duroni@2.0.0~preflow: fabrizio-duroni@2.0.0
7 silly lifecycle fabrizio-duroni@2.0.0~preflow: no script for preflow, continuing
8 info lifecycle fabrizio-duroni@2.0.0~flow: fabrizio-duroni@2.0.0
9 verbose lifecycle fabrizio-duroni@2.0.0~flow: unsafe-perm in lifecycle true
10 verbose lifecycle fabrizio-duroni@2.0.0~flow: PATH: /Users/fduroni/Work/chicio.github.io/node_modules/npm/bin/node-gyp-bin:/Users/fduroni/Work/chicio.github.io/node_modules/.bin:/usr/local/lib/node_modules/npm/node_modules/npm-lifecycle/node-gyp-bin:/Users/fduroni/Work/chicio.github.io/node_modules/.bin:/Users/fduroni/bin:/usr/local/bin:/usr/local/bin:/usr/bin:/bin:/usr/sbin:/sbin:/Library/Frameworks/Mono.framework/Versions/Current/Commands:/Users/fduroni/bin:/Users/fduroni/Library/Android/sdk/emulator:/Users/fduroni/Library/Android/sdk/tools:/Users/fduroni/Library/Android/sdk/platform-tools:/Users/fduroni/Library/Android/sdk/tools/bin:/Users/fduroni/.scripts:/Users/fduroni/Library/Android/sdk/emulator:/Users/fduroni/Library/Android/sdk/tools:/Users/fduroni/Library/Android/sdk/platform-tools:/Users/fduroni/Library/Android/sdk/tools/bin:/Users/fduroni/.scripts
11 verbose lifecycle fabrizio-duroni@2.0.0~flow: CWD: /Users/fduroni/Work/chicio.github.io
12 silly lifecycle fabrizio-duroni@2.0.0~flow: Args: [ '-c', '_scripts/flow.sh' ]
13 info lifecycle fabrizio-duroni@2.0.0~flow: Failed to exec flow script
14 verbose stack Error: fabrizio-duroni@2.0.0 flow: `_scripts/flow.sh`
14 verbose stack spawn ENOENT
14 verbose stack     at ChildProcess.<anonymous> (/Users/fduroni/Work/chicio.github.io/node_modules/npm/lib/utils/spawn.js:33:16)
14 verbose stack     at emitTwo (events.js:125:13)
14 verbose stack     at ChildProcess.emit (events.js:213:7)
14 verbose stack     at maybeClose (internal/child_process.js:927:16)
14 verbose stack     at Process.ChildProcess._handle.onexit (internal/child_process.js:211:5)
15 verbose pkgid fabrizio-duroni@2.0.0
16 verbose cwd /Users/fduroni/Work/chicio.github.io
17 error Darwin 18.2.0
18 error argv "/usr/local/bin/node" "/Users/fduroni/Work/chicio.github.io/node_modules/.bin/npm" "run" "flow"
19 error node v8.6.0
20 error npm  v3.10.10
21 error file sh
22 error code ELIFECYCLE
23 error errno ENOENT
24 error syscall spawn
25 error fabrizio-duroni@2.0.0 flow: `_scripts/flow.sh`
25 error spawn ENOENT
26 error Failed at the fabrizio-duroni@2.0.0 flow script '_scripts/flow.sh'.
26 error Make sure you have the latest version of node.js and npm installed.
26 error If you do, this is most likely a problem with the fabrizio-duroni package,
26 error not with npm itself.
26 error Tell the author that this fails on your system:
26 error     _scripts/flow.sh
26 error You can get information on how to open an issue for this project with:
26 error     npm bugs fabrizio-duroni
26 error Or if that isn't available, you can get their info via:
26 error     npm owner ls fabrizio-duroni
26 error There is likely additional logging output above.
27 verbose exit [ 1, true ]
